<?xml version="1.0" encoding="UTF-8"?>
<testng-results ignored="0" total="2" passed="2" failed="0" skipped="0">
  <reporter-output>
  </reporter-output>
  <suite started-at="2026-02-06T21:08:19 IST" name="Default suite" finished-at="2026-02-06T21:08:43 IST" duration-ms="23725">
    <groups>
    </groups>
    <test started-at="2026-02-06T21:08:19 IST" name="Default test" finished-at="2026-02-06T21:08:43 IST" duration-ms="23725">
      <class name="com.gvs.Test.FirstTest">
        <test-method signature="TestGoogle()[pri:0, instance:com.gvs.Test.FirstTest@26794848]" started-at="2026-02-06T21:08:19 IST" name="TestGoogle" finished-at="2026-02-06T21:08:31 IST" duration-ms="11886" status="PASS">
          <reporter-output>
          </reporter-output>
        </test-method> <!-- TestGoogle -->
        <test-method signature="TestGoogleincrhome()[pri:0, instance:com.gvs.Test.FirstTest@26794848]" started-at="2026-02-06T21:08:31 IST" name="TestGoogleincrhome" finished-at="2026-02-06T21:08:43 IST" duration-ms="11759" status="PASS">
          <reporter-output>
          </reporter-output>
        </test-method> <!-- TestGoogleincrhome -->
      </class> <!-- com.gvs.Test.FirstTest -->
    </test> <!-- Default test -->
  </suite> <!-- Default suite -->
</testng-results>
